Trying to verify cryptographic signatures!
Loading http://mirror.unl.edu/ctan/systems/texlive/tlnet/tlpkg/texlive.tlpdb
Installing TeX Live 2016 from: http://mirror.unl.edu/ctan/systems/texlive/tlnet (verified)
Platform: x86_64-linux => 'GNU/Linux on x86_64'
Distribution: net  (downloading)
Using URL: http://mirror.unl.edu/ctan/systems/texlive/tlnet
Directory for temporary files: /tmp/SoKUFWAhQR
Installer revision: 41646
Database revision: 42189
Settings:
  TEXDIR: "/home/ec2-user/pdflatex-lambda/tlsb-gui-installer"
  TEXMFCONFIG: "~/.texlive2016/texmf-config"
  TEXMFHOME: "~/texmf"
  TEXMFLOCAL: "/home/ec2-user/pdflatex-lambda/tlsb-gui-installer/texmf-local"
  TEXMFSYSCONFIG: "/home/ec2-user/pdflatex-lambda/tlsb-gui-installer/texmf-config"
  TEXMFSYSVAR: "/home/ec2-user/pdflatex-lambda/tlsb-gui-installer/texmf-var"
  TEXMFVAR: "~/.texlive2016/texmf-var"
  binary_amd64-freebsd: "0"
  binary_amd64-netbsd: "0"
  binary_armel-linux: "0"
  binary_armhf-linux: "0"
  binary_i386-cygwin: "0"
  binary_i386-freebsd: "0"
  binary_i386-linux: "0"
  binary_i386-netbsd: "0"
  binary_i386-solaris: "0"
  binary_powerpc-linux: "0"
  binary_sparc-solaris: "0"
  binary_universal-darwin: "0"
  binary_win32: "0"
  binary_x86_64-cygwin: "0"
  binary_x86_64-darwin: "0"
  binary_x86_64-linux: "1"
  binary_x86_64-solaris: "0"
  collection-basic: "1"
  collection-bibtexextra: "0"
  collection-binextra: "0"
  collection-context: "0"
  collection-fontsextra: "0"
  collection-fontsrecommended: "0"
  collection-fontutils: "0"
  collection-formatsextra: "0"
  collection-games: "0"
  collection-genericextra: "0"
  collection-genericrecommended: "0"
  collection-htmlxml: "0"
  collection-humanities: "0"
  collection-langafrican: "0"
  collection-langarabic: "0"
  collection-langchinese: "0"
  collection-langcjk: "0"
  collection-langcyrillic: "0"
  collection-langczechslovak: "0"
  collection-langenglish: "0"
  collection-langeuropean: "0"
  collection-langfrench: "0"
  collection-langgerman: "0"
  collection-langgreek: "0"
  collection-langindic: "0"
  collection-langitalian: "0"
  collection-langjapanese: "0"
  collection-langkorean: "0"
  collection-langother: "0"
  collection-langpolish: "0"
  collection-langportuguese: "0"
  collection-langspanish: "0"
  collection-latex: "1"
  collection-latexextra: "0"
  collection-latexrecommended: "0"
  collection-luatex: "0"
  collection-mathextra: "0"
  collection-metapost: "0"
  collection-music: "0"
  collection-omega: "0"
  collection-pictures: "0"
  collection-plainextra: "0"
  collection-pstricks: "0"
  collection-publishers: "0"
  collection-science: "0"
  collection-texworks: "0"
  collection-wintools: "0"
  collection-xetex: "0"
  doc_splitting_supported: "1"
  in_place: "0"
  inst_platform: "x86_64-linux"
  n_collections_available: "48"
  n_collections_selected: "2"
  n_systems_available: "17"
  n_systems_selected: "1"
  option_adjustrepo: "1"
  option_autobackup: "1"
  option_backupdir: "tlpkg/backups"
  option_desktop_integration: "0"
  option_doc: "0"
  option_file_assocs: "0"
  option_fmt: "1"
  option_letter: "0"
  option_menu_integration: "1"
  option_path: "0"
  option_post_code: "1"
  option_src: "1"
  option_sys_bin: "/usr/local/bin"
  option_sys_info: "/usr/local/share/info"
  option_sys_man: "/usr/local/share/man"
  option_w32_multi_user: "0"
  option_write18_restricted: "1"
  page: "0"
  portable: "0"
  scheme-basic: "1"
  scheme-context: "0"
  scheme-full: "0"
  scheme-gust: "0"
  scheme-infraonly: "0"
  scheme-medium: "0"
  scheme-minimal: "0"
  scheme-small: "0"
  scheme-tetex: "0"
  scheme-xml: "0"
  selected_scheme: "scheme-basic"
  src_splitting_supported: "1"
  this_platform: "x86_64-linux"
  total_size: "77"
Installing to: /home/ec2-user/pdflatex-lambda/tlsb-gui-installer
Installing [01/87, time/total: ??:??/??:??]: ae [76k]
Installing [02/87, time/total: 00:01/03:21]: amscls [121k]
Installing [03/87, time/total: 00:02/02:35]: amsfonts [3590k]
Installing [04/87, time/total: 00:03/00:12]: amsmath [90k]
Installing [05/87, time/total: 00:04/00:15]: babel [117k]
Installing [06/87, time/total: 00:05/00:19]: babel-english [9k]
Installing [07/87, time/total: 00:06/00:22]: babelbib [26k]
Installing [08/87, time/total: 00:06/00:22]: bibtex [13k]
Installing [09/87, time/total: 00:07/00:26]: bibtex.x86_64-linux [69k]
Installing [10/87, time/total: 00:07/00:25]: carlisle [14k]
Installing [11/87, time/total: 00:07/00:25]: cm [234k]
Installing [12/87, time/total: 00:08/00:27]: collection-basic [1k]
Installing [13/87, time/total: 00:08/00:27]: collection-latex [1k]
Installing [14/87, time/total: 00:08/00:27]: colortbl [15k]
Installing [15/87, time/total: 00:08/00:27]: dvipdfmx [27k]
Installing [16/87, time/total: 00:08/00:27]: dvipdfmx.x86_64-linux [2k]
Installing [17/87, time/total: 00:08/00:27]: dvips [36k]
Installing [18/87, time/total: 00:09/00:30]: dvips.x86_64-linux [137k]
Installing [19/87, time/total: 00:09/00:29]: enctex [24k]
Installing [20/87, time/total: 00:09/00:29]: etex [12k]
Installing [21/87, time/total: 00:10/00:32]: etex-pkg [6k]
Installing [22/87, time/total: 00:10/00:32]: fancyhdr [9k]
Installing [23/87, time/total: 00:10/00:32]: fix2col [9k]
Installing [24/87, time/total: 00:10/00:32]: geometry [41k]
Installing [25/87, time/total: 00:10/00:32]: glyphlist [25k]
Installing [26/87, time/total: 00:11/00:35]: graphics [63k]
Installing [27/87, time/total: 00:11/00:35]: graphics-cfg [2k]
Installing [28/87, time/total: 00:11/00:35]: graphics-def [24k]
Installing [29/87, time/total: 00:11/00:34]: gsftopk [4k]
Installing [30/87, time/total: 00:11/00:34]: gsftopk.x86_64-linux [39k]
Installing [31/87, time/total: 00:12/00:37]: hyperref [387k]
Installing [32/87, time/total: 00:12/00:35]: hyph-utf8 [48k]
Installing [33/87, time/total: 00:13/00:37]: hyphen-base [22k]
Installing [34/87, time/total: 00:13/00:37]: ifluatex [10k]
Installing [35/87, time/total: 00:13/00:37]: ifxetex [4k]
Installing [36/87, time/total: 00:13/00:37]: knuth-lib [30k]
Installing [37/87, time/total: 00:14/00:39]: knuth-local [23k]
Installing [38/87, time/total: 00:14/00:39]: kpathsea [30k]
Installing [39/87, time/total: 00:14/00:39]: kpathsea.x86_64-linux [45k]
Installing [40/87, time/total: 00:14/00:39]: latex [652k]
Installing [41/87, time/total: 00:15/00:37]: latex-bin [1k]
Installing [42/87, time/total: 00:16/00:40]: latex-bin.x86_64-linux [1k]
Installing [43/87, time/total: 00:16/00:40]: latex-fonts [18k]
Installing [44/87, time/total: 00:16/00:39]: latexconfig [5k]
Installing [45/87, time/total: 00:16/00:39]: ltxmisc [16k]
Installing [46/87, time/total: 00:16/00:39]: lua-alt-getopt [2k]
Installing [47/87, time/total: 00:16/00:39]: luatex [13k]
Installing [48/87, time/total: 00:16/00:39]: luatex.x86_64-linux [5041k]
Installing [49/87, time/total: 00:18/00:24]: makeindex [5k]
Installing [50/87, time/total: 00:18/00:24]: makeindex.x86_64-linux [45k]
Installing [51/87, time/total: 00:18/00:24]: metafont [33k]
Installing [52/87, time/total: 00:19/00:25]: metafont.x86_64-linux [186k]
Installing [53/87, time/total: 00:19/00:25]: mflogo [8k]
Installing [54/87, time/total: 00:19/00:25]: mfnfss [19k]
Installing [55/87, time/total: 00:20/00:26]: mfware [4k]
Installing [56/87, time/total: 00:20/00:26]: mfware.x86_64-linux [115k]
Installing [57/87, time/total: 00:20/00:26]: mptopdf [38k]
Installing [58/87, time/total: 00:20/00:26]: mptopdf.x86_64-linux [1k]
Installing [59/87, time/total: 00:20/00:26]: natbib [79k]
Installing [60/87, time/total: 00:21/00:27]: oberdiek [713k]
Installing [61/87, time/total: 00:22/00:26]: pdftex [36k]
Installing [62/87, time/total: 00:22/00:26]: pdftex.x86_64-linux [751k]
Installing [63/87, time/total: 00:23/00:26]: plain [59k]
Installing [64/87, time/total: 00:23/00:26]: pslatex [7k]
Installing [65/87, time/total: 00:23/00:26]: psnfss [28k]
Installing [66/87, time/total: 00:24/00:27]: pspicture [8k]
Installing [67/87, time/total: 00:24/00:27]: tetex [59k]
Installing [68/87, time/total: 00:24/00:27]: tetex.x86_64-linux [1k]
Installing [69/87, time/total: 00:24/00:27]: tex [1k]
Installing [70/87, time/total: 00:24/00:27]: tex-ini-files [4k]
Installing [71/87, time/total: 00:24/00:27]: tex.x86_64-linux [167k]
Installing [72/87, time/total: 00:25/00:28]: texconfig [13k]
Installing [73/87, time/total: 00:25/00:28]: texconfig.x86_64-linux [1k]
Installing [74/87, time/total: 00:25/00:28]: texlive-common [1k]
Installing [75/87, time/total: 00:25/00:28]: texlive-docindex [108k]
Installing [76/87, time/total: 00:26/00:28]: texlive-en [1k]
Installing [77/87, time/total: 00:26/00:28]: texlive-msg-translations [110k]
Installing [78/87, time/total: 00:26/00:28]: texlive-scripts [65k]
Installing [79/87, time/total: 00:27/00:29]: texlive-scripts.x86_64-linux [1k]
Installing [80/87, time/total: 00:27/00:29]: texlive.infra [190k]
Installing [81/87, time/total: 00:27/00:29]: texlive.infra.x86_64-linux [90k]
Installing [82/87, time/total: 00:27/00:29]: tools [250k]
Installing [83/87, time/total: 00:28/00:29]: unicode-data [217k]
Installing [84/87, time/total: 00:29/00:30]: updmap-map [138k]
Installing [85/87, time/total: 00:29/00:29]: url [6k]
Installing [86/87, time/total: 00:29/00:29]: xdvi [7k]
Installing [87/87, time/total: 00:29/00:29]: xdvi.x86_64-linux [485k]
Time used for installing the packages: 00:30
running mktexlsr /home/ec2-user/pdflatex-lambda/tlsb-gui-installer/texmf-dist ...
writing fmtutil.cnf to /home/ec2-user/pdflatex-lambda/tlsb-gui-installer/texmf-dist/web2c/fmtutil.cnf
writing updmap.cfg to /home/ec2-user/pdflatex-lambda/tlsb-gui-installer/texmf-dist/web2c/updmap.cfg
writing language.dat to /home/ec2-user/pdflatex-lambda/tlsb-gui-installer/texmf-var/tex/generic/config/language.dat
writing language.def to /home/ec2-user/pdflatex-lambda/tlsb-gui-installer/texmf-var/tex/generic/config/language.def
writing language.dat.lua to /home/ec2-user/pdflatex-lambda/tlsb-gui-installer/texmf-var/tex/generic/config/language.dat.lua
running mktexlsr /home/ec2-user/pdflatex-lambda/tlsb-gui-installer/texmf-var /home/ec2-user/pdflatex-lambda/tlsb-gui-installer/texmf-config /home/ec2-user/pdflatex-lambda/tlsb-gui-installer/texmf-dist ...
running updmap-sys --nohash ...done
updmap will read the following updmap.cfg files (in precedence order):
  /home/ec2-user/pdflatex-lambda/tlsb-gui-installer/texmf-dist/web2c/updmap.cfg
updmap may write changes to the following updmap.cfg file:
  /home/ec2-user/pdflatex-lambda/tlsb-gui-installer/texmf-config/web2c/updmap.cfg
dvips output dir: "/home/ec2-user/pdflatex-lambda/tlsb-gui-installer/texmf-var/fonts/map/dvips/updmap"
pdftex output dir: "/home/ec2-user/pdflatex-lambda/tlsb-gui-installer/texmf-var/fonts/map/pdftex/updmap"
dvipdfmx output dir: "/home/ec2-user/pdflatex-lambda/tlsb-gui-installer/texmf-var/fonts/map/dvipdfmx/updmap"

updmap is creating new map files
using the following configuration:
  LW35 font names                  : URWkb (/home/ec2-user/pdflatex-lambda/tlsb-gui-installer/texmf-dist/web2c/updmap.cfg)
  prefer outlines                  : true (/home/ec2-user/pdflatex-lambda/tlsb-gui-installer/texmf-dist/web2c/updmap.cfg)
  texhash enabled                  : false
  download standard fonts (dvips)  : true (/home/ec2-user/pdflatex-lambda/tlsb-gui-installer/texmf-dist/web2c/updmap.cfg)
  download standard fonts (pdftex) : true (/home/ec2-user/pdflatex-lambda/tlsb-gui-installer/texmf-dist/web2c/updmap.cfg)
  kanjiEmbed replacement string    : ipaex (/home/ec2-user/pdflatex-lambda/tlsb-gui-installer/texmf-dist/web2c/updmap.cfg)
  kanjiVariant replacement string  :  (default)
  create a mapfile for pxdvi       : false (default)

Scanning for LW35 support files  [  3 files]
Scanning for MixedMap entries    [  6 files]
Scanning for KanjiMap entries    [  0 files]
Scanning for Map entries         [  7 files]

Generating output for dvipdfmx...
Generating output for ps2pk...
Generating output for dvips...
Generating output for pdftex...

Files generated:
  /home/ec2-user/pdflatex-lambda/tlsb-gui-installer/texmf-var/fonts/map/dvips/updmap:
       15848 2016-10-03 15:48:15 builtin35.map
       21321 2016-10-03 15:48:15 download35.map
       23995 2016-10-03 15:48:15 psfonts_pk.map
       27846 2016-10-03 15:48:15 psfonts_t1.map
       27841 2016-10-03 15:48:15 ps2pk.map
          14 2016-10-03 15:48:15 psfonts.map -> psfonts_t1.map
  /home/ec2-user/pdflatex-lambda/tlsb-gui-installer/texmf-var/fonts/map/pdftex/updmap:
       27848 2016-10-03 15:48:15 pdftex_dl14.map
       26183 2016-10-03 15:48:15 pdftex_ndl14.map
          15 2016-10-03 15:48:15 pdftex.map -> pdftex_dl14.map
  /home/ec2-user/pdflatex-lambda/tlsb-gui-installer/texmf-var/fonts/map/dvipdfmx/updmap:
         371 2016-10-03 15:48:15 kanjix.map

Transcript written on "/home/ec2-user/pdflatex-lambda/tlsb-gui-installer/texmf-var/web2c/updmap.log".
re-running mktexlsr /home/ec2-user/pdflatex-lambda/tlsb-gui-installer/texmf-var /home/ec2-user/pdflatex-lambda/tlsb-gui-installer/texmf-config ...
pre-generating all format files, be patient...
running fmtutil-sys --no-error-if-no-engine=luajittex,mfluajit --no-strict --all ...done
fmtutil: fmtutil is using the following fmtutil.cnf files (in precedence order):
fmtutil:   /home/ec2-user/pdflatex-lambda/tlsb-gui-installer/texmf-dist/web2c/fmtutil.cnf
fmtutil: fmtutil is using the following fmtutil.cnf file for writing changes:
fmtutil:   /home/ec2-user/pdflatex-lambda/tlsb-gui-installer/texmf-config/web2c/fmtutil.cnf
fmtutil [INFO]: writing formats under /home/ec2-user/pdflatex-lambda/tlsb-gui-installer/texmf-var/web2c
fmtutil [INFO]: --- remaking luatex with luatex
fmtutil: running `luatex -ini   -jobname=luatex -progname=luatex luatex.ini' ...
This is LuaTeX, Version 0.95.0 (TeX Live 2016)  (INITEX)
 restricted system commands enabled.

(/home/ec2-user/pdflatex-lambda/tlsb-gui-installer/texmf-dist/tex/generic/tex-i
ni-files/luatex.ini
(/home/ec2-user/pdflatex-lambda/tlsb-gui-installer/texmf-dist/tex/generic/tex-i
ni-files/luatexconfig.tex
(/home/ec2-user/pdflatex-lambda/tlsb-gui-installer/texmf-dist/tex/generic/tex-i
ni-files/pdftexconfig.tex))
(/home/ec2-user/pdflatex-lambda/tlsb-gui-installer/texmf-dist/tex/generic/confi
g/luatexiniconfig.tex)
(/home/ec2-user/pdflatex-lambda/tlsb-gui-installer/texmf-dist/tex/generic/unico
de-data/load-unicode-data.tex 
load-unicode-data.tex v1.5 (2016-06-22)
Reading Unicode data
# UnicodeData-9.0.0.txt
# Downloaded 2016-06-22 17:00:00 GMT [JAW]
)
(/home/ec2-user/pdflatex-lambda/tlsb-gui-installer/texmf-dist/tex/luatex/hyph-u
tf8/etex.src
(/home/ec2-user/pdflatex-lambda/tlsb-gui-installer/texmf-dist/tex/plain/base/pl
ain.tex Preloading the plain format: codes, registers, parameters, fonts,
more fonts, macros, math definitions, output routines, hyphenation
(/home/ec2-user/pdflatex-lambda/tlsb-gui-installer/texmf-dist/tex/generic/hyphe
n/hyphen.tex [skipping from \patterns to end-of-file...]))
(/home/ec2-user/pdflatex-lambda/tlsb-gui-installer/texmf-dist/tex/plain/etex/et
exdefs.lib Skipping module "grouptypes"; Loading module "interactionmodes";
Skipping module "nodetypes"; Skipping module "iftypes";)
(/home/ec2-user/pdflatex-lambda/tlsb-gui-installer/texmf-var/tex/generic/config
/language.def
(/home/ec2-user/pdflatex-lambda/tlsb-gui-installer/texmf-dist/tex/generic/hyphe
n/hyphen.tex)) Augmenting the Plain TeX definitions: \tracingall;
Adding new e-TeX definitions: \eTeX, \loggingall, \tracingnone,
register allocation; extended register allocation; 
Recycling: \addlanguage, \@nswer (not defined), \@sk, \b@dresponsetrue,
\b@dresponsefalse, \ch@ckforyn, \mayber@cycle, \et@xabort, \et@xbuf,
\et@xfmtsrc, \et@xfilehdr, \et@xinf, \et@xpatterns, \l@ngdefnfile, \n@xt,
\p@rse (not defined), \pr@mpt (not defined), \pr@mptloop (not defined),
\forcer@cycle, \usef@llback, \usef@llbacktrue, \usef@llbackfalse, 
Retaining: \et@xerr, \et@xinput, \et@xlibhdr, \et@xmsg, \et@xtoks, \et@xwarn,
\et@xl@@d, \et@xl@ad, \et@xload, \et@xlang, \et@xhash, \eTeX, \etexhdrchk,
\etexstatus, \module, \uselanguage, \r@tain, \r@cycle,))
Beginning to dump on file luatex.fmt
 (format=luatex 2016.10.3)
3127 strings using 10158 bytes
68833 memory locations dumped; current usage is 155&7713
1758 multiletter control sequences
\font\nullfont=nullfont
\font\tenrm=cmr10
\font\preloaded=cmr9
\font\preloaded=cmr8
\font\sevenrm=cmr7
\font\preloaded=cmr6
\font\fiverm=cmr5
\font\teni=cmmi10
\font\preloaded=cmmi9
\font\preloaded=cmmi8
\font\seveni=cmmi7
\font\preloaded=cmmi6
\font\fivei=cmmi5
\font\tensy=cmsy10
\font\preloaded=cmsy9
\font\preloaded=cmsy8
\font\sevensy=cmsy7
\font\preloaded=cmsy6
\font\fivesy=cmsy5
\font\tenex=cmex10
\font\preloaded=cmss10
\font\preloaded=cmssq8
\font\preloaded=cmssi10
\font\preloaded=cmssqi8
\font\tenbf=cmbx10
\font\preloaded=cmbx9
\font\preloaded=cmbx8
\font\sevenbf=cmbx7
\font\preloaded=cmbx6
\font\fivebf=cmbx5
\font\tentt=cmtt10
\font\preloaded=cmtt9
\font\preloaded=cmtt8
\font\preloaded=cmsltt10
\font\tensl=cmsl10
\font\preloaded=cmsl9
\font\preloaded=cmsl8
\font\tenit=cmti10
\font\preloaded=cmti9
\font\preloaded=cmti8
\font\preloaded=cmti7
\font\preloaded=cmu10
\font\preloaded=cmmib10
\font\preloaded=cmbsy10
\font\preloaded=cmcsc10
\font\preloaded=cmssbx10
\font\preloaded=cmdunh10
\font\preloaded=cmr7 at 14.51799pt
\font\preloaded=cmtt10 at 14.4pt
\font\preloaded=cmssbx10 at 14.4pt
\font\preloaded=manfnt
50 preloaded fonts
warning  (pdf backend): no pages of output.
Transcript written on luatex.log.
fmtutil [INFO]: /home/ec2-user/pdflatex-lambda/tlsb-gui-installer/texmf-var/web2c/luatex/luatex.fmt installed.
fmtutil [INFO]: --- remaking pdftex with pdftex
fmtutil: running `pdftex -ini   -jobname=pdftex -progname=pdftex -translate-file=cp227.tcx *pdfetex.ini' ...
This is pdfTeX, Version 3.14159265-2.6-1.40.17 (TeX Live 2016) (INITEX)
 restricted \write18 enabled.
 (/home/ec2-user/pdflatex-lambda/tlsb-gui-installer/texmf-dist/web2c/cp227.tcx)
entering extended mode

(/home/ec2-user/pdflatex-lambda/tlsb-gui-installer/texmf-dist/tex/plain/config/
pdfetex.ini
(/home/ec2-user/pdflatex-lambda/tlsb-gui-installer/texmf-dist/tex/generic/tex-i
ni-files/pdftexconfig.tex)
(/home/ec2-user/pdflatex-lambda/tlsb-gui-installer/texmf-dist/tex/plain/etex/et
ex.src
(/home/ec2-user/pdflatex-lambda/tlsb-gui-installer/texmf-dist/tex/plain/base/pl
ain.tex Preloading the plain format: codes, registers, parameters, fonts,
more fonts, macros, math definitions, output routines, hyphenation
(/home/ec2-user/pdflatex-lambda/tlsb-gui-installer/texmf-dist/tex/generic/hyphe
n/hyphen.tex [skipping from \patterns to end-of-file...]))
(/home/ec2-user/pdflatex-lambda/tlsb-gui-installer/texmf-dist/tex/plain/etex/et
exdefs.lib Skipping module "grouptypes"; Loading module "interactionmodes";
Skipping module "nodetypes"; Skipping module "iftypes";)
(/home/ec2-user/pdflatex-lambda/tlsb-gui-installer/texmf-var/tex/generic/config
/language.def
(/home/ec2-user/pdflatex-lambda/tlsb-gui-installer/texmf-dist/tex/generic/hyphe
n/hyphen.tex)) Augmenting the Plain TeX definitions: \tracingall;
Adding new e-TeX definitions: \eTeX, \loggingall, \tracingnone,
register allocation; extended register allocation; 
Recycling: \addlanguage, \@nswer (not defined), \@sk, \b@dresponsetrue,
\b@dresponsefalse, \ch@ckforyn, \mayber@cycle, \et@xabort, \et@xbuf,
\et@xfmtsrc, \et@xfilehdr, \et@xinf, \et@xpatterns, \l@ngdefnfile, \n@xt,
\p@rse (not defined), \pr@mpt (not defined), \pr@mptloop (not defined),
\forcer@cycle, \usef@llback, \usef@llbacktrue, \usef@llbackfalse, 
Retaining: \et@xerr, \et@xinput, \et@xlibhdr, \et@xmsg, \et@xtoks, \et@xwarn,
\et@xl@@d, \et@xl@ad, \et@xload, \et@xlang, \et@xhash, \eTeX, \etexhdrchk,
\etexstatus, \module, \uselanguage, \r@tain, \r@cycle,)
(/home/ec2-user/pdflatex-lambda/tlsb-gui-installer/texmf-dist/tex/plain/config/
pdftexmagfix.tex) )
Beginning to dump on file pdftex.fmt
 (preloaded format=pdftex 2016.10.3)
2895 strings of total length 43944
7960 memory locations dumped; current usage is 203&7321
1263 multiletter control sequences
\font\nullfont=nullfont
\font\tenrm=cmr10
\font\preloaded=cmr9
\font\preloaded=cmr8
\font\sevenrm=cmr7
\font\preloaded=cmr6
\font\fiverm=cmr5
\font\teni=cmmi10
\font\preloaded=cmmi9
\font\preloaded=cmmi8
\font\seveni=cmmi7
\font\preloaded=cmmi6
\font\fivei=cmmi5
\font\tensy=cmsy10
\font\preloaded=cmsy9
\font\preloaded=cmsy8
\font\sevensy=cmsy7
\font\preloaded=cmsy6
\font\fivesy=cmsy5
\font\tenex=cmex10
\font\preloaded=cmss10
\font\preloaded=cmssq8
\font\preloaded=cmssi10
\font\preloaded=cmssqi8
\font\tenbf=cmbx10
\font\preloaded=cmbx9
\font\preloaded=cmbx8
\font\sevenbf=cmbx7
\font\preloaded=cmbx6
\font\fivebf=cmbx5
\font\tentt=cmtt10
\font\preloaded=cmtt9
\font\preloaded=cmtt8
\font\preloaded=cmsltt10
\font\tensl=cmsl10
\font\preloaded=cmsl9
\font\preloaded=cmsl8
\font\tenit=cmti10
\font\preloaded=cmti9
\font\preloaded=cmti8
\font\preloaded=cmti7
\font\preloaded=cmu10
\font\preloaded=cmmib10
\font\preloaded=cmbsy10
\font\preloaded=cmcsc10
\font\preloaded=cmssbx10
\font\preloaded=cmdunh10
\font\preloaded=cmr7 at 14.51799pt
\font\preloaded=cmtt10 at 14.4pt
\font\preloaded=cmssbx10 at 14.4pt
\font\preloaded=manfnt
14787 words of font info for 50 preloaded fonts
14 hyphenation exceptions
Hyphenation trie of length 6075 has 181 ops out of 35111
  181 for language 0
0 words of pdfTeX memory
0 indirect objects
No pages of output.
Transcript written on pdftex.log.
fmtutil [INFO]: /home/ec2-user/pdflatex-lambda/tlsb-gui-installer/texmf-var/web2c/pdftex/pdftex.fmt installed.
fmtutil [INFO]: --- remaking tex with tex
fmtutil: running `tex -ini   -jobname=tex -progname=tex tex.ini' ...
This is TeX, Version 3.14159265 (TeX Live 2016) (INITEX)

(/home/ec2-user/pdflatex-lambda/tlsb-gui-installer/texmf-dist/tex/plain/config/
tex.ini
(/home/ec2-user/pdflatex-lambda/tlsb-gui-installer/texmf-dist/tex/plain/base/pl
ain.tex Preloading the plain format: codes, registers, parameters, fonts,
more fonts, macros, math definitions, output routines, hyphenation
(/home/ec2-user/pdflatex-lambda/tlsb-gui-installer/texmf-dist/tex/generic/hyphe
n/hyphen.tex)) )
Beginning to dump on file tex.fmt
 (preloaded format=tex 2016.10.3)
2027 strings of total length 29575
4990 memory locations dumped; current usage is 110&4877
926 multiletter control sequences
\font\nullfont=nullfont
\font\tenrm=cmr10
\font\preloaded=cmr9
\font\preloaded=cmr8
\font\sevenrm=cmr7
\font\preloaded=cmr6
\font\fiverm=cmr5
\font\teni=cmmi10
\font\preloaded=cmmi9
\font\preloaded=cmmi8
\font\seveni=cmmi7
\font\preloaded=cmmi6
\font\fivei=cmmi5
\font\tensy=cmsy10
\font\preloaded=cmsy9
\font\preloaded=cmsy8
\font\sevensy=cmsy7
\font\preloaded=cmsy6
\font\fivesy=cmsy5
\font\tenex=cmex10
\font\preloaded=cmss10
\font\preloaded=cmssq8
\font\preloaded=cmssi10
\font\preloaded=cmssqi8
\font\tenbf=cmbx10
\font\preloaded=cmbx9
\font\preloaded=cmbx8
\font\sevenbf=cmbx7
\font\preloaded=cmbx6
\font\fivebf=cmbx5
\font\tentt=cmtt10
\font\preloaded=cmtt9
\font\preloaded=cmtt8
\font\preloaded=cmsltt10
\font\tensl=cmsl10
\font\preloaded=cmsl9
\font\preloaded=cmsl8
\font\tenit=cmti10
\font\preloaded=cmti9
\font\preloaded=cmti8
\font\preloaded=cmti7
\font\preloaded=cmu10
\font\preloaded=cmmib10
\font\preloaded=cmbsy10
\font\preloaded=cmcsc10
\font\preloaded=cmssbx10
\font\preloaded=cmdunh10
\font\preloaded=cmr7 at 14.51799pt
\font\preloaded=cmtt10 at 14.4pt
\font\preloaded=cmssbx10 at 14.4pt
\font\preloaded=manfnt
14787 words of font info for 50 preloaded fonts
14 hyphenation exceptions
Hyphenation trie of length 6075 has 181 ops out of 35111
  181 for language 0
No pages of output.
Transcript written on tex.log.
fmtutil [INFO]: /home/ec2-user/pdflatex-lambda/tlsb-gui-installer/texmf-var/web2c/tex/tex.fmt installed.
fmtutil [INFO]: --- remaking luajittex with luajittex
fmtutil: running `luajittex -ini   -jobname=luajittex -progname=luajittex luatex.ini' ...
This is LuajitTeX, Version 0.95.0 (TeX Live 2016)  (INITEX)
 restricted system commands enabled.

(/home/ec2-user/pdflatex-lambda/tlsb-gui-installer/texmf-dist/tex/generic/tex-i
ni-files/luatex.ini
(/home/ec2-user/pdflatex-lambda/tlsb-gui-installer/texmf-dist/tex/generic/tex-i
ni-files/luatexconfig.tex
(/home/ec2-user/pdflatex-lambda/tlsb-gui-installer/texmf-dist/tex/generic/tex-i
ni-files/pdftexconfig.tex))
(/home/ec2-user/pdflatex-lambda/tlsb-gui-installer/texmf-dist/tex/generic/confi
g/luatexiniconfig.tex)
(/home/ec2-user/pdflatex-lambda/tlsb-gui-installer/texmf-dist/tex/generic/unico
de-data/load-unicode-data.tex 
load-unicode-data.tex v1.5 (2016-06-22)
Reading Unicode data
# UnicodeData-9.0.0.txt
# Downloaded 2016-06-22 17:00:00 GMT [JAW]
)
(/home/ec2-user/pdflatex-lambda/tlsb-gui-installer/texmf-dist/tex/luatex/hyph-u
tf8/etex.src
(/home/ec2-user/pdflatex-lambda/tlsb-gui-installer/texmf-dist/tex/plain/base/pl
ain.tex Preloading the plain format: codes, registers, parameters, fonts,
more fonts, macros, math definitions, output routines, hyphenation
(/home/ec2-user/pdflatex-lambda/tlsb-gui-installer/texmf-dist/tex/generic/hyphe
n/hyphen.tex [skipping from \patterns to end-of-file...]))
(/home/ec2-user/pdflatex-lambda/tlsb-gui-installer/texmf-dist/tex/plain/etex/et
exdefs.lib Skipping module "grouptypes"; Loading module "interactionmodes";
Skipping module "nodetypes"; Skipping module "iftypes";)
(/home/ec2-user/pdflatex-lambda/tlsb-gui-installer/texmf-var/tex/generic/config
/language.def
(/home/ec2-user/pdflatex-lambda/tlsb-gui-installer/texmf-dist/tex/generic/hyphe
n/hyphen.tex)) Augmenting the Plain TeX definitions: \tracingall;
Adding new e-TeX definitions: \eTeX, \loggingall, \tracingnone,
register allocation; extended register allocation; 
Recycling: \addlanguage, \@nswer (not defined), \@sk, \b@dresponsetrue,
\b@dresponsefalse, \ch@ckforyn, \mayber@cycle, \et@xabort, \et@xbuf,
\et@xfmtsrc, \et@xfilehdr, \et@xinf, \et@xpatterns, \l@ngdefnfile, \n@xt,
\p@rse (not defined), \pr@mpt (not defined), \pr@mptloop (not defined),
\forcer@cycle, \usef@llback, \usef@llbacktrue, \usef@llbackfalse, 
Retaining: \et@xerr, \et@xinput, \et@xlibhdr, \et@xmsg, \et@xtoks, \et@xwarn,
\et@xl@@d, \et@xl@ad, \et@xload, \et@xlang, \et@xhash, \eTeX, \etexhdrchk,
\etexstatus, \module, \uselanguage, \r@tain, \r@cycle,))
Beginning to dump on file luajittex.fmt
 (format=luajittex 2016.10.3)
3127 strings using 10164 bytes
68833 memory locations dumped; current usage is 155&7713
1758 multiletter control sequences
\font\nullfont=nullfont
\font\tenrm=cmr10
\font\preloaded=cmr9
\font\preloaded=cmr8
\font\sevenrm=cmr7
\font\preloaded=cmr6
\font\fiverm=cmr5
\font\teni=cmmi10
\font\preloaded=cmmi9
\font\preloaded=cmmi8
\font\seveni=cmmi7
\font\preloaded=cmmi6
\font\fivei=cmmi5
\font\tensy=cmsy10
\font\preloaded=cmsy9
\font\preloaded=cmsy8
\font\sevensy=cmsy7
\font\preloaded=cmsy6
\font\fivesy=cmsy5
\font\tenex=cmex10
\font\preloaded=cmss10
\font\preloaded=cmssq8
\font\preloaded=cmssi10
\font\preloaded=cmssqi8
\font\tenbf=cmbx10
\font\preloaded=cmbx9
\font\preloaded=cmbx8
\font\sevenbf=cmbx7
\font\preloaded=cmbx6
\font\fivebf=cmbx5
\font\tentt=cmtt10
\font\preloaded=cmtt9
\font\preloaded=cmtt8
\font\preloaded=cmsltt10
\font\tensl=cmsl10
\font\preloaded=cmsl9
\font\preloaded=cmsl8
\font\tenit=cmti10
\font\preloaded=cmti9
\font\preloaded=cmti8
\font\preloaded=cmti7
\font\preloaded=cmu10
\font\preloaded=cmmib10
\font\preloaded=cmbsy10
\font\preloaded=cmcsc10
\font\preloaded=cmssbx10
\font\preloaded=cmdunh10
\font\preloaded=cmr7 at 14.51799pt
\font\preloaded=cmtt10 at 14.4pt
\font\preloaded=cmssbx10 at 14.4pt
\font\preloaded=manfnt
50 preloaded fonts
warning  (pdf backend): no pages of output.
Transcript written on luajittex.log.
fmtutil [INFO]: /home/ec2-user/pdflatex-lambda/tlsb-gui-installer/texmf-var/web2c/luajittex/luajittex.fmt installed.
fmtutil [INFO]: --- remaking dvilualatex with luatex
fmtutil: running `luatex -ini   -jobname=dvilualatex -progname=dvilualatex dvilualatex.ini' ...
This is LuaTeX, Version 0.95.0 (TeX Live 2016)  (INITEX)
 restricted system commands enabled.

(/home/ec2-user/pdflatex-lambda/tlsb-gui-installer/texmf-dist/tex/generic/tex-i
ni-files/dvilualatex.ini
(/home/ec2-user/pdflatex-lambda/tlsb-gui-installer/texmf-dist/tex/generic/tex-i
ni-files/lualatex.ini
(/home/ec2-user/pdflatex-lambda/tlsb-gui-installer/texmf-dist/tex/generic/tex-i
ni-files/luatexconfig.tex
(/home/ec2-user/pdflatex-lambda/tlsb-gui-installer/texmf-dist/tex/generic/tex-i
ni-files/pdftexconfig.tex))
(/home/ec2-user/pdflatex-lambda/tlsb-gui-installer/texmf-dist/tex/latex/base/la
tex.ltx
(/home/ec2-user/pdflatex-lambda/tlsb-gui-installer/texmf-dist/tex/latex/base/te
xsys.cfg)
./texsys.aux found


\@currdir set to: ./.


Assuming \openin and \input 
have the same search path.


Defining UNIX/DOS style filename parser.

catcodes, registers, compatibility for TeX 2,  parameters,
LaTeX2e <2016/03/31> patch level 3
hacks, control, par, spacing, files, font encodings, lengths,
====================================

Local config file fonttext.cfg used

====================================

(/home/ec2-user/pdflatex-lambda/tlsb-gui-installer/texmf-dist/tex/latex/base/fo
nttext.cfg
(/home/ec2-user/pdflatex-lambda/tlsb-gui-installer/texmf-dist/tex/latex/base/fo
nttext.ltx
=== Don't modify this file, use a .cfg file instead ===


(/home/ec2-user/pdflatex-lambda/tlsb-gui-installer/texmf-dist/tex/latex/base/om
lenc.def)
(/home/ec2-user/pdflatex-lambda/tlsb-gui-installer/texmf-dist/tex/latex/base/t1
enc.def)
(/home/ec2-user/pdflatex-lambda/tlsb-gui-installer/texmf-dist/tex/latex/base/ot
1enc.def)
(/home/ec2-user/pdflatex-lambda/tlsb-gui-installer/texmf-dist/tex/latex/base/om
senc.def)
(/home/ec2-user/pdflatex-lambda/tlsb-gui-installer/texmf-dist/tex/latex/base/t1
cmr.fd)
(/home/ec2-user/pdflatex-lambda/tlsb-gui-installer/texmf-dist/tex/latex/base/ot
1cmr.fd)
(/home/ec2-user/pdflatex-lambda/tlsb-gui-installer/texmf-dist/tex/latex/base/ot
1cmss.fd)
(/home/ec2-user/pdflatex-lambda/tlsb-gui-installer/texmf-dist/tex/latex/base/ot
1cmtt.fd)))
====================================

Local config file fontmath.cfg used

====================================

(/home/ec2-user/pdflatex-lambda/tlsb-gui-installer/texmf-dist/tex/latex/base/fo
ntmath.cfg
(/home/ec2-user/pdflatex-lambda/tlsb-gui-installer/texmf-dist/tex/latex/base/fo
ntmath.ltx
=== Don't modify this file, use a .cfg file instead ===


(/home/ec2-user/pdflatex-lambda/tlsb-gui-installer/texmf-dist/tex/latex/base/om
lcmm.fd)
(/home/ec2-user/pdflatex-lambda/tlsb-gui-installer/texmf-dist/tex/latex/base/om
scmsy.fd)
(/home/ec2-user/pdflatex-lambda/tlsb-gui-installer/texmf-dist/tex/latex/base/om
xcmex.fd)
(/home/ec2-user/pdflatex-lambda/tlsb-gui-installer/texmf-dist/tex/latex/base/uc
mr.fd)))
====================================

Local config file preload.cfg used

=====================================

(/home/ec2-user/pdflatex-lambda/tlsb-gui-installer/texmf-dist/tex/latex/base/pr
eload.cfg
(/home/ec2-user/pdflatex-lambda/tlsb-gui-installer/texmf-dist/tex/latex/base/pr
eload.ltx)) page nos., x-ref, environments, center, verbatim,
math definitions, boxes, title, sectioning, contents, floats, footnotes,
index, bibliography, output,  Unicode character data,
(/home/ec2-user/pdflatex-lambda/tlsb-gui-installer/texmf-dist/tex/generic/unico
de-data/load-unicode-data.tex 
load-unicode-data.tex v1.5 (2016-06-22)
Reading Unicode data
# UnicodeData-9.0.0.txt
# Downloaded 2016-06-22 17:00:00 GMT [JAW]
)
===========================================
Local configuration file hyphen.cfg used
===========================================

(/home/ec2-user/pdflatex-lambda/tlsb-gui-installer/texmf-dist/tex/generic/babel
/hyphen.cfg
(/home/ec2-user/pdflatex-lambda/tlsb-gui-installer/texmf-dist/tex/generic/babel
/luababel.def)
(/home/ec2-user/pdflatex-lambda/tlsb-gui-installer/texmf-dist/tex/generic/babel
/switch.def)
(/home/ec2-user/pdflatex-lambda/tlsb-gui-installer/texmf-dist/tex/generic/hyphe
n/hyphen.tex))
)))
Beginning to dump on file dvilualatex.fmt
 (format=dvilualatex 2016.10.3)
4887 strings using 33655 bytes
153715 memory locations dumped; current usage is 174&48994
3673 multiletter control sequences
\font\nullfont=nullfont
\font\OMX/cmex/m/n/10=cmex10
\font\tenln=line10
\font\tenlnw=linew10
\font\tencirc=lcircle10
\font\tencircw=lcirclew10
\font\OT1/cmr/m/n/5=cmr5
\font\OT1/cmr/m/n/7=cmr7
\font\OT1/cmr/m/n/10=cmr10
\font\OML/cmm/m/it/5=cmmi5
\font\OML/cmm/m/it/7=cmmi7
\font\OML/cmm/m/it/10=cmmi10
\font\OMS/cmsy/m/n/5=cmsy5
\font\OMS/cmsy/m/n/7=cmsy7
\font\OMS/cmsy/m/n/10=cmsy10
14 preloaded fonts
No pages of output.
Transcript written on dvilualatex.log.
fmtutil [INFO]: /home/ec2-user/pdflatex-lambda/tlsb-gui-installer/texmf-var/web2c/luatex/dvilualatex.fmt installed.
fmtutil [INFO]: --- remaking lualatex with luatex
fmtutil: running `luatex -ini   -jobname=lualatex -progname=lualatex lualatex.ini' ...
This is LuaTeX, Version 0.95.0 (TeX Live 2016)  (INITEX)
 restricted system commands enabled.

(/home/ec2-user/pdflatex-lambda/tlsb-gui-installer/texmf-dist/tex/generic/tex-i
ni-files/lualatex.ini
(/home/ec2-user/pdflatex-lambda/tlsb-gui-installer/texmf-dist/tex/generic/tex-i
ni-files/luatexconfig.tex
(/home/ec2-user/pdflatex-lambda/tlsb-gui-installer/texmf-dist/tex/generic/tex-i
ni-files/pdftexconfig.tex))
(/home/ec2-user/pdflatex-lambda/tlsb-gui-installer/texmf-dist/tex/latex/base/la
tex.ltx
(/home/ec2-user/pdflatex-lambda/tlsb-gui-installer/texmf-dist/tex/latex/base/te
xsys.cfg)
./texsys.aux found


\@currdir set to: ./.


Assuming \openin and \input 
have the same search path.


Defining UNIX/DOS style filename parser.

catcodes, registers, compatibility for TeX 2,  parameters,
LaTeX2e <2016/03/31> patch level 3
hacks, control, par, spacing, files, font encodings, lengths,
====================================

Local config file fonttext.cfg used

====================================

(/home/ec2-user/pdflatex-lambda/tlsb-gui-installer/texmf-dist/tex/latex/base/fo
nttext.cfg
(/home/ec2-user/pdflatex-lambda/tlsb-gui-installer/texmf-dist/tex/latex/base/fo
nttext.ltx
=== Don't modify this file, use a .cfg file instead ===


(/home/ec2-user/pdflatex-lambda/tlsb-gui-installer/texmf-dist/tex/latex/base/om
lenc.def)
(/home/ec2-user/pdflatex-lambda/tlsb-gui-installer/texmf-dist/tex/latex/base/t1
enc.def)
(/home/ec2-user/pdflatex-lambda/tlsb-gui-installer/texmf-dist/tex/latex/base/ot
1enc.def)
(/home/ec2-user/pdflatex-lambda/tlsb-gui-installer/texmf-dist/tex/latex/base/om
senc.def)
(/home/ec2-user/pdflatex-lambda/tlsb-gui-installer/texmf-dist/tex/latex/base/t1
cmr.fd)
(/home/ec2-user/pdflatex-lambda/tlsb-gui-installer/texmf-dist/tex/latex/base/ot
1cmr.fd)
(/home/ec2-user/pdflatex-lambda/tlsb-gui-installer/texmf-dist/tex/latex/base/ot
1cmss.fd)
(/home/ec2-user/pdflatex-lambda/tlsb-gui-installer/texmf-dist/tex/latex/base/ot
1cmtt.fd)))
====================================

Local config file fontmath.cfg used

====================================

(/home/ec2-user/pdflatex-lambda/tlsb-gui-installer/texmf-dist/tex/latex/base/fo
ntmath.cfg
(/home/ec2-user/pdflatex-lambda/tlsb-gui-installer/texmf-dist/tex/latex/base/fo
ntmath.ltx
=== Don't modify this file, use a .cfg file instead ===


(/home/ec2-user/pdflatex-lambda/tlsb-gui-installer/texmf-dist/tex/latex/base/om
lcmm.fd)
(/home/ec2-user/pdflatex-lambda/tlsb-gui-installer/texmf-dist/tex/latex/base/om
scmsy.fd)
(/home/ec2-user/pdflatex-lambda/tlsb-gui-installer/texmf-dist/tex/latex/base/om
xcmex.fd)
(/home/ec2-user/pdflatex-lambda/tlsb-gui-installer/texmf-dist/tex/latex/base/uc
mr.fd)))
====================================

Local config file preload.cfg used

=====================================

(/home/ec2-user/pdflatex-lambda/tlsb-gui-installer/texmf-dist/tex/latex/base/pr
eload.cfg
(/home/ec2-user/pdflatex-lambda/tlsb-gui-installer/texmf-dist/tex/latex/base/pr
eload.ltx)) page nos., x-ref, environments, center, verbatim,
math definitions, boxes, title, sectioning, contents, floats, footnotes,
index, bibliography, output,  Unicode character data,
(/home/ec2-user/pdflatex-lambda/tlsb-gui-installer/texmf-dist/tex/generic/unico
de-data/load-unicode-data.tex 
load-unicode-data.tex v1.5 (2016-06-22)
Reading Unicode data
# UnicodeData-9.0.0.txt
# Downloaded 2016-06-22 17:00:00 GMT [JAW]
)
===========================================
Local configuration file hyphen.cfg used
===========================================

(/home/ec2-user/pdflatex-lambda/tlsb-gui-installer/texmf-dist/tex/generic/babel
/hyphen.cfg
(/home/ec2-user/pdflatex-lambda/tlsb-gui-installer/texmf-dist/tex/generic/babel
/luababel.def)
(/home/ec2-user/pdflatex-lambda/tlsb-gui-installer/texmf-dist/tex/generic/babel
/switch.def)
(/home/ec2-user/pdflatex-lambda/tlsb-gui-installer/texmf-dist/tex/generic/hyphe
n/hyphen.tex))
))
Beginning to dump on file lualatex.fmt
 (format=lualatex 2016.10.3)
4882 strings using 33631 bytes
153709 memory locations dumped; current usage is 174&48991
3673 multiletter control sequences
\font\nullfont=nullfont
\font\OMX/cmex/m/n/10=cmex10
\font\tenln=line10
\font\tenlnw=linew10
\font\tencirc=lcircle10
\font\tencircw=lcirclew10
\font\OT1/cmr/m/n/5=cmr5
\font\OT1/cmr/m/n/7=cmr7
\font\OT1/cmr/m/n/10=cmr10
\font\OML/cmm/m/it/5=cmmi5
\font\OML/cmm/m/it/7=cmmi7
\font\OML/cmm/m/it/10=cmmi10
\font\OMS/cmsy/m/n/5=cmsy5
\font\OMS/cmsy/m/n/7=cmsy7
\font\OMS/cmsy/m/n/10=cmsy10
14 preloaded fonts
warning  (pdf backend): no pages of output.
Transcript written on lualatex.log.
fmtutil [INFO]: /home/ec2-user/pdflatex-lambda/tlsb-gui-installer/texmf-var/web2c/luatex/lualatex.fmt installed.
fmtutil [INFO]: --- remaking pdflatex with pdftex
fmtutil: running `pdftex -ini   -jobname=pdflatex -progname=pdflatex -translate-file=cp227.tcx *pdflatex.ini' ...
This is pdfTeX, Version 3.14159265-2.6-1.40.17 (TeX Live 2016) (INITEX)
 restricted \write18 enabled.
 (/home/ec2-user/pdflatex-lambda/tlsb-gui-installer/texmf-dist/web2c/cp227.tcx)
entering extended mode

(/home/ec2-user/pdflatex-lambda/tlsb-gui-installer/texmf-dist/tex/latex/latexco
nfig/pdflatex.ini
(/home/ec2-user/pdflatex-lambda/tlsb-gui-installer/texmf-dist/tex/generic/tex-i
ni-files/pdftexconfig.tex)

(/home/ec2-user/pdflatex-lambda/tlsb-gui-installer/texmf-dist/tex/latex/base/la
tex.ltx
(/home/ec2-user/pdflatex-lambda/tlsb-gui-installer/texmf-dist/tex/latex/base/te
xsys.cfg)
./texsys.aux found


\@currdir set to: ./.


Assuming \openin and \input 
have the same search path.


Defining UNIX/DOS style filename parser.

catcodes, registers, compatibility for TeX 2,  parameters,
LaTeX2e <2016/03/31> patch level 3
hacks, control, par, spacing, files, font encodings, lengths,
====================================

Local config file fonttext.cfg used

====================================

(/home/ec2-user/pdflatex-lambda/tlsb-gui-installer/texmf-dist/tex/latex/base/fo
nttext.cfg
(/home/ec2-user/pdflatex-lambda/tlsb-gui-installer/texmf-dist/tex/latex/base/fo
nttext.ltx
=== Don't modify this file, use a .cfg file instead ===


(/home/ec2-user/pdflatex-lambda/tlsb-gui-installer/texmf-dist/tex/latex/base/om
lenc.def)
(/home/ec2-user/pdflatex-lambda/tlsb-gui-installer/texmf-dist/tex/latex/base/t1
enc.def)
(/home/ec2-user/pdflatex-lambda/tlsb-gui-installer/texmf-dist/tex/latex/base/ot
1enc.def)
(/home/ec2-user/pdflatex-lambda/tlsb-gui-installer/texmf-dist/tex/latex/base/om
senc.def)
(/home/ec2-user/pdflatex-lambda/tlsb-gui-installer/texmf-dist/tex/latex/base/t1
cmr.fd)
(/home/ec2-user/pdflatex-lambda/tlsb-gui-installer/texmf-dist/tex/latex/base/ot
1cmr.fd)
(/home/ec2-user/pdflatex-lambda/tlsb-gui-installer/texmf-dist/tex/latex/base/ot
1cmss.fd)
(/home/ec2-user/pdflatex-lambda/tlsb-gui-installer/texmf-dist/tex/latex/base/ot
1cmtt.fd)))
====================================

Local config file fontmath.cfg used

====================================

(/home/ec2-user/pdflatex-lambda/tlsb-gui-installer/texmf-dist/tex/latex/base/fo
ntmath.cfg
(/home/ec2-user/pdflatex-lambda/tlsb-gui-installer/texmf-dist/tex/latex/base/fo
ntmath.ltx
=== Don't modify this file, use a .cfg file instead ===


(/home/ec2-user/pdflatex-lambda/tlsb-gui-installer/texmf-dist/tex/latex/base/om
lcmm.fd)
(/home/ec2-user/pdflatex-lambda/tlsb-gui-installer/texmf-dist/tex/latex/base/om
scmsy.fd)
(/home/ec2-user/pdflatex-lambda/tlsb-gui-installer/texmf-dist/tex/latex/base/om
xcmex.fd)
(/home/ec2-user/pdflatex-lambda/tlsb-gui-installer/texmf-dist/tex/latex/base/uc
mr.fd)))
====================================

Local config file preload.cfg used

=====================================

(/home/ec2-user/pdflatex-lambda/tlsb-gui-installer/texmf-dist/tex/latex/base/pr
eload.cfg
(/home/ec2-user/pdflatex-lambda/tlsb-gui-installer/texmf-dist/tex/latex/base/pr
eload.ltx)) page nos., x-ref, environments, center, verbatim,
math definitions, boxes, title, sectioning, contents, floats, footnotes,
index, bibliography, output,
===========================================
Local configuration file hyphen.cfg used
===========================================

(/home/ec2-user/pdflatex-lambda/tlsb-gui-installer/texmf-dist/tex/generic/babel
/hyphen.cfg
(/home/ec2-user/pdflatex-lambda/tlsb-gui-installer/texmf-dist/tex/generic/babel
/switch.def)
(/home/ec2-user/pdflatex-lambda/tlsb-gui-installer/texmf-dist/tex/generic/hyphe
n/hyphen.tex)
(/home/ec2-user/pdflatex-lambda/tlsb-gui-installer/texmf-dist/tex/generic/hyphe
n/dumyhyph.tex)
(/home/ec2-user/pdflatex-lambda/tlsb-gui-installer/texmf-dist/tex/generic/hyphe
n/zerohyph.tex))
 ) )
Beginning to dump on file pdflatex.fmt
 (preloaded format=pdflatex 2016.10.3)
5055 strings of total length 70856
44382 memory locations dumped; current usage is 144&43790
3400 multiletter control sequences
\font\nullfont=nullfont
\font\OMX/cmex/m/n/10=cmex10
\font\tenln=line10
\font\tenlnw=linew10
\font\tencirc=lcircle10
\font\tencircw=lcirclew10
\font\OT1/cmr/m/n/5=cmr5
\font\OT1/cmr/m/n/7=cmr7
\font\OT1/cmr/m/n/10=cmr10
\font\OML/cmm/m/it/5=cmmi5
\font\OML/cmm/m/it/7=cmmi7
\font\OML/cmm/m/it/10=cmmi10
\font\OMS/cmsy/m/n/5=cmsy5
\font\OMS/cmsy/m/n/7=cmsy7
\font\OMS/cmsy/m/n/10=cmsy10
3633 words of font info for 14 preloaded fonts
14 hyphenation exceptions
Hyphenation trie of length 6081 has 183 ops out of 35111
  2 for language 1
  181 for language 0
0 words of pdfTeX memory
0 indirect objects
No pages of output.
Transcript written on pdflatex.log.
fmtutil [INFO]: /home/ec2-user/pdflatex-lambda/tlsb-gui-installer/texmf-var/web2c/pdftex/pdflatex.fmt installed.
fmtutil [INFO]: --- remaking latex with pdftex
fmtutil: running `pdftex -ini   -jobname=latex -progname=latex -translate-file=cp227.tcx *latex.ini' ...
This is pdfTeX, Version 3.14159265-2.6-1.40.17 (TeX Live 2016) (INITEX)
 restricted \write18 enabled.
 (/home/ec2-user/pdflatex-lambda/tlsb-gui-installer/texmf-dist/web2c/cp227.tcx)
entering extended mode

(/home/ec2-user/pdflatex-lambda/tlsb-gui-installer/texmf-dist/tex/latex/latexco
nfig/latex.ini
(/home/ec2-user/pdflatex-lambda/tlsb-gui-installer/texmf-dist/tex/generic/tex-i
ni-files/pdftexconfig.tex)

(/home/ec2-user/pdflatex-lambda/tlsb-gui-installer/texmf-dist/tex/latex/base/la
tex.ltx
(/home/ec2-user/pdflatex-lambda/tlsb-gui-installer/texmf-dist/tex/latex/base/te
xsys.cfg)
./texsys.aux found


\@currdir set to: ./.


Assuming \openin and \input 
have the same search path.


Defining UNIX/DOS style filename parser.

catcodes, registers, compatibility for TeX 2,  parameters,
LaTeX2e <2016/03/31> patch level 3
hacks, control, par, spacing, files, font encodings, lengths,
====================================

Local config file fonttext.cfg used

====================================

(/home/ec2-user/pdflatex-lambda/tlsb-gui-installer/texmf-dist/tex/latex/base/fo
nttext.cfg
(/home/ec2-user/pdflatex-lambda/tlsb-gui-installer/texmf-dist/tex/latex/base/fo
nttext.ltx
=== Don't modify this file, use a .cfg file instead ===


(/home/ec2-user/pdflatex-lambda/tlsb-gui-installer/texmf-dist/tex/latex/base/om
lenc.def)
(/home/ec2-user/pdflatex-lambda/tlsb-gui-installer/texmf-dist/tex/latex/base/t1
enc.def)
(/home/ec2-user/pdflatex-lambda/tlsb-gui-installer/texmf-dist/tex/latex/base/ot
1enc.def)
(/home/ec2-user/pdflatex-lambda/tlsb-gui-installer/texmf-dist/tex/latex/base/om
senc.def)
(/home/ec2-user/pdflatex-lambda/tlsb-gui-installer/texmf-dist/tex/latex/base/t1
cmr.fd)
(/home/ec2-user/pdflatex-lambda/tlsb-gui-installer/texmf-dist/tex/latex/base/ot
1cmr.fd)
(/home/ec2-user/pdflatex-lambda/tlsb-gui-installer/texmf-dist/tex/latex/base/ot
1cmss.fd)
(/home/ec2-user/pdflatex-lambda/tlsb-gui-installer/texmf-dist/tex/latex/base/ot
1cmtt.fd)))
====================================

Local config file fontmath.cfg used

====================================

(/home/ec2-user/pdflatex-lambda/tlsb-gui-installer/texmf-dist/tex/latex/base/fo
ntmath.cfg
(/home/ec2-user/pdflatex-lambda/tlsb-gui-installer/texmf-dist/tex/latex/base/fo
ntmath.ltx
=== Don't modify this file, use a .cfg file instead ===


(/home/ec2-user/pdflatex-lambda/tlsb-gui-installer/texmf-dist/tex/latex/base/om
lcmm.fd)
(/home/ec2-user/pdflatex-lambda/tlsb-gui-installer/texmf-dist/tex/latex/base/om
scmsy.fd)
(/home/ec2-user/pdflatex-lambda/tlsb-gui-installer/texmf-dist/tex/latex/base/om
xcmex.fd)
(/home/ec2-user/pdflatex-lambda/tlsb-gui-installer/texmf-dist/tex/latex/base/uc
mr.fd)))
====================================

Local config file preload.cfg used

=====================================

(/home/ec2-user/pdflatex-lambda/tlsb-gui-installer/texmf-dist/tex/latex/base/pr
eload.cfg
(/home/ec2-user/pdflatex-lambda/tlsb-gui-installer/texmf-dist/tex/latex/base/pr
eload.ltx)) page nos., x-ref, environments, center, verbatim,
math definitions, boxes, title, sectioning, contents, floats, footnotes,
index, bibliography, output,
===========================================
Local configuration file hyphen.cfg used
===========================================

(/home/ec2-user/pdflatex-lambda/tlsb-gui-installer/texmf-dist/tex/generic/babel
/hyphen.cfg
(/home/ec2-user/pdflatex-lambda/tlsb-gui-installer/texmf-dist/tex/generic/babel
/switch.def)
(/home/ec2-user/pdflatex-lambda/tlsb-gui-installer/texmf-dist/tex/generic/hyphe
n/hyphen.tex)
(/home/ec2-user/pdflatex-lambda/tlsb-gui-installer/texmf-dist/tex/generic/hyphe
n/dumyhyph.tex)
(/home/ec2-user/pdflatex-lambda/tlsb-gui-installer/texmf-dist/tex/generic/hyphe
n/zerohyph.tex))
 ) )
Beginning to dump on file latex.fmt
 (preloaded format=latex 2016.10.3)
5054 strings of total length 70830
44379 memory locations dumped; current usage is 144&43787
3400 multiletter control sequences
\font\nullfont=nullfont
\font\OMX/cmex/m/n/10=cmex10
\font\tenln=line10
\font\tenlnw=linew10
\font\tencirc=lcircle10
\font\tencircw=lcirclew10
\font\OT1/cmr/m/n/5=cmr5
\font\OT1/cmr/m/n/7=cmr7
\font\OT1/cmr/m/n/10=cmr10
\font\OML/cmm/m/it/5=cmmi5
\font\OML/cmm/m/it/7=cmmi7
\font\OML/cmm/m/it/10=cmmi10
\font\OMS/cmsy/m/n/5=cmsy5
\font\OMS/cmsy/m/n/7=cmsy7
\font\OMS/cmsy/m/n/10=cmsy10
3633 words of font info for 14 preloaded fonts
14 hyphenation exceptions
Hyphenation trie of length 6081 has 183 ops out of 35111
  2 for language 1
  181 for language 0
0 words of pdfTeX memory
0 indirect objects
No pages of output.
Transcript written on latex.log.
fmtutil [INFO]: /home/ec2-user/pdflatex-lambda/tlsb-gui-installer/texmf-var/web2c/pdftex/latex.fmt installed.
fmtutil [INFO]: --- remaking mptopdf with pdftex
fmtutil: running `pdftex -ini   -jobname=mptopdf -progname=context -translate-file=cp227.tcx mptopdf.tex' ...
This is pdfTeX, Version 3.14159265-2.6-1.40.17 (TeX Live 2016) (INITEX)
 restricted \write18 enabled.
 (/home/ec2-user/pdflatex-lambda/tlsb-gui-installer/texmf-dist/web2c/cp227.tcx)

(/home/ec2-user/pdflatex-lambda/tlsb-gui-installer/texmf-dist/tex/generic/conte
xt/mptopdf/mptopdf.tex
(/home/ec2-user/pdflatex-lambda/tlsb-gui-installer/texmf-dist/tex/context/base/
mkii/syst-tex.mkii
(/home/ec2-user/pdflatex-lambda/tlsb-gui-installer/texmf-dist/tex/plain/base/pl
ain.tex Preloading the plain format: codes, registers, parameters, fonts,
skipping \font in plain
skipping \font in plain
skipping \font in plain
skipping \font in plain
skipping \font in plain
skipping \font in plain
skipping \font in plain
skipping \font in plain
skipping \font in plain
skipping \font in plain
skipping \font in plain
skipping \font in plain
skipping \font in plain
skipping \font in plain
skipping \font in plain
skipping \font in plain
skipping \font in plain
skipping \font in plain
skipping \font in plain
skipping \font in plain
skipping \font in plain
skipping \font in plain
skipping \font in plain
skipping \font in plain
skipping \font in plain
skipping \font in plain
skipping \font in plain
skipping \font in plain
skipping \font in plain
skipping \font in plain
skipping \font in plain
skipping \font in plain
skipping \font in plain
skipping \font in plain
skipping \font in plain
skipping \font in plain
skipping \font in plain
skipping \font in plain
skipping \font in plain
skipping \font in plain
more fonts,
skipping \font in plain
skipping \font in plain
skipping \font in plain
skipping \font in plain
skipping \font in plain
skipping \font in plain
skipping scaled \font in plain
skipping scaled \font in plain
skipping scaled \font in plain
skipping \font in plain
skipping \skewchar in plain
skipping \skewchar in plain
skipping \skewchar in plain
skipping \skewchar in plain
skipping \skewchar in plain
skipping \skewchar in plain
skipping \textfont in plain
skipping \scriptfont in plain
skipping \scriptscriptfont in plain
skipping \textfont in plain
skipping \scriptfont in plain
skipping \scriptscriptfont in plain
skipping \textfont in plain
skipping \scriptfont in plain
skipping \scriptscriptfont in plain
skipping \textfont in plain
skipping \scriptfont in plain
skipping \scriptscriptfont in plain
skipping \textfont in plain
skipping \textfont in plain
skipping \textfont in plain
skipping \scriptfont in plain
skipping \scriptscriptfont in plain
skipping \textfont in plain
macros, math definitions,
skipping used \tenex in plain
output routines, hyphenation
skipping \input in plain
skipping \tenrm in plain
))
(/home/ec2-user/pdflatex-lambda/tlsb-gui-installer/texmf-dist/tex/context/base/
mkii/supp-mis.mkii
loading : ConTeXt Support Macros / Miscellaneous (2004.10.26)
)
(/home/ec2-user/pdflatex-lambda/tlsb-gui-installer/texmf-dist/tex/context/base/
mkii/supp-pdf.mkii
loading : ConTeXt Support Macros / PDF
)
(/home/ec2-user/pdflatex-lambda/tlsb-gui-installer/texmf-dist/tex/context/base/
mkii/supp-mpe.mkii
loading : ConTeXt Support Macros / MPS extensions
) )
Beginning to dump on file mptopdf.fmt
 (preloaded format=mptopdf 2016.10.3)
3291 strings of total length 49394
13893 memory locations dumped; current usage is 116&13746
1664 multiletter control sequences
\font\nullfont=nullfont
0 words of font info for 0 preloaded fonts
0 hyphenation exceptions
Hyphenation trie of length 256 has 0 ops out of 35111
0 words of pdfTeX memory
0 indirect objects
No pages of output.
Transcript written on mptopdf.log.
fmtutil [INFO]: /home/ec2-user/pdflatex-lambda/tlsb-gui-installer/texmf-var/web2c/pdftex/mptopdf.fmt installed.
fmtutil [INFO]: --- remaking dviluatex with luatex
fmtutil: running `luatex -ini   -jobname=dviluatex -progname=dviluatex dviluatex.ini' ...
This is LuaTeX, Version 0.95.0 (TeX Live 2016)  (INITEX)
 restricted system commands enabled.

(/home/ec2-user/pdflatex-lambda/tlsb-gui-installer/texmf-dist/tex/generic/tex-i
ni-files/dviluatex.ini
(/home/ec2-user/pdflatex-lambda/tlsb-gui-installer/texmf-dist/tex/generic/tex-i
ni-files/luatex.ini
(/home/ec2-user/pdflatex-lambda/tlsb-gui-installer/texmf-dist/tex/generic/tex-i
ni-files/luatexconfig.tex
(/home/ec2-user/pdflatex-lambda/tlsb-gui-installer/texmf-dist/tex/generic/tex-i
ni-files/pdftexconfig.tex))
(/home/ec2-user/pdflatex-lambda/tlsb-gui-installer/texmf-dist/tex/generic/confi
g/luatexiniconfig.tex)
(/home/ec2-user/pdflatex-lambda/tlsb-gui-installer/texmf-dist/tex/generic/unico
de-data/load-unicode-data.tex 
load-unicode-data.tex v1.5 (2016-06-22)
Reading Unicode data
# UnicodeData-9.0.0.txt
# Downloaded 2016-06-22 17:00:00 GMT [JAW]
)
(/home/ec2-user/pdflatex-lambda/tlsb-gui-installer/texmf-dist/tex/luatex/hyph-u
tf8/etex.src
(/home/ec2-user/pdflatex-lambda/tlsb-gui-installer/texmf-dist/tex/plain/base/pl
ain.tex Preloading the plain format: codes, registers, parameters, fonts,
more fonts, macros, math definitions, output routines, hyphenation
(/home/ec2-user/pdflatex-lambda/tlsb-gui-installer/texmf-dist/tex/generic/hyphe
n/hyphen.tex [skipping from \patterns to end-of-file...]))
(/home/ec2-user/pdflatex-lambda/tlsb-gui-installer/texmf-dist/tex/plain/etex/et
exdefs.lib Skipping module "grouptypes"; Loading module "interactionmodes";
Skipping module "nodetypes"; Skipping module "iftypes";)
(/home/ec2-user/pdflatex-lambda/tlsb-gui-installer/texmf-var/tex/generic/config
/language.def
(/home/ec2-user/pdflatex-lambda/tlsb-gui-installer/texmf-dist/tex/generic/hyphe
n/hyphen.tex)) Augmenting the Plain TeX definitions: \tracingall;
Adding new e-TeX definitions: \eTeX, \loggingall, \tracingnone,
register allocation; extended register allocation; 
Recycling: \addlanguage, \@nswer (not defined), \@sk, \b@dresponsetrue,
\b@dresponsefalse, \ch@ckforyn, \mayber@cycle, \et@xabort, \et@xbuf,
\et@xfmtsrc, \et@xfilehdr, \et@xinf, \et@xpatterns, \l@ngdefnfile, \n@xt,
\p@rse (not defined), \pr@mpt (not defined), \pr@mptloop (not defined),
\forcer@cycle, \usef@llback, \usef@llbacktrue, \usef@llbackfalse, 
Retaining: \et@xerr, \et@xinput, \et@xlibhdr, \et@xmsg, \et@xtoks, \et@xwarn,
\et@xl@@d, \et@xl@ad, \et@xload, \et@xlang, \et@xhash, \eTeX, \etexhdrchk,
\etexstatus, \module, \uselanguage, \r@tain, \r@cycle,)))
Beginning to dump on file dviluatex.fmt
 (format=dviluatex 2016.10.3)
3132 strings using 10177 bytes
68833 memory locations dumped; current usage is 155&7713
1758 multiletter control sequences
\font\nullfont=nullfont
\font\tenrm=cmr10
\font\preloaded=cmr9
\font\preloaded=cmr8
\font\sevenrm=cmr7
\font\preloaded=cmr6
\font\fiverm=cmr5
\font\teni=cmmi10
\font\preloaded=cmmi9
\font\preloaded=cmmi8
\font\seveni=cmmi7
\font\preloaded=cmmi6
\font\fivei=cmmi5
\font\tensy=cmsy10
\font\preloaded=cmsy9
\font\preloaded=cmsy8
\font\sevensy=cmsy7
\font\preloaded=cmsy6
\font\fivesy=cmsy5
\font\tenex=cmex10
\font\preloaded=cmss10
\font\preloaded=cmssq8
\font\preloaded=cmssi10
\font\preloaded=cmssqi8
\font\tenbf=cmbx10
\font\preloaded=cmbx9
\font\preloaded=cmbx8
\font\sevenbf=cmbx7
\font\preloaded=cmbx6
\font\fivebf=cmbx5
\font\tentt=cmtt10
\font\preloaded=cmtt9
\font\preloaded=cmtt8
\font\preloaded=cmsltt10
\font\tensl=cmsl10
\font\preloaded=cmsl9
\font\preloaded=cmsl8
\font\tenit=cmti10
\font\preloaded=cmti9
\font\preloaded=cmti8
\font\preloaded=cmti7
\font\preloaded=cmu10
\font\preloaded=cmmib10
\font\preloaded=cmbsy10
\font\preloaded=cmcsc10
\font\preloaded=cmssbx10
\font\preloaded=cmdunh10
\font\preloaded=cmr7 at 14.51799pt
\font\preloaded=cmtt10 at 14.4pt
\font\preloaded=cmssbx10 at 14.4pt
\font\preloaded=manfnt
50 preloaded fonts
No pages of output.
Transcript written on dviluatex.log.
fmtutil [INFO]: /home/ec2-user/pdflatex-lambda/tlsb-gui-installer/texmf-var/web2c/luatex/dviluatex.fmt installed.
fmtutil [INFO]: --- remaking mf with mf-nowin
fmtutil: running `mf-nowin -ini   -jobname=mf -progname=mf -translate-file=cp227.tcx mf.ini' ...
This is METAFONT, Version 2.7182818 (TeX Live 2016) (INIMF)
(/home/ec2-user/pdflatex-lambda/tlsb-gui-installer/texmf-dist/web2c/cp227.tcx)

(/home/ec2-user/pdflatex-lambda/tlsb-gui-installer/texmf-dist/metafont/config/m
f.ini
(/home/ec2-user/pdflatex-lambda/tlsb-gui-installer/texmf-dist/metafont/base/pla
in.mf
Preloading the plain base, version 2.71: preliminaries,
 basic constants and mathematical macros,
 macros for converting from device-independent units to pixels,
 macros and tables for various modes of operation,
 macros for drawing and filling,
 macros for proof labels and rules,
 macros for character and font administration,
and a few last-minute items.)
(/home/ec2-user/pdflatex-lambda/tlsb-gui-installer/texmf-dist/metafont/misc/mod
es.mf) )
Beginning to dump on file mf.base
 (preloaded base=mf 2016.10.3)
2226 strings of total length 30211
11855 memory locations dumped; current usage is 3651&7844
1004 symbolic tokens
Transcript written on mf.log.
fmtutil [INFO]: /home/ec2-user/pdflatex-lambda/tlsb-gui-installer/texmf-var/web2c/metafont/mf.base installed.
fmtutil [INFO]: --- remaking etex with pdftex
fmtutil: running `pdftex -ini   -jobname=etex -progname=etex -translate-file=cp227.tcx *etex.ini' ...
This is pdfTeX, Version 3.14159265-2.6-1.40.17 (TeX Live 2016) (INITEX)
 restricted \write18 enabled.
 (/home/ec2-user/pdflatex-lambda/tlsb-gui-installer/texmf-dist/web2c/cp227.tcx)
entering extended mode

(/home/ec2-user/pdflatex-lambda/tlsb-gui-installer/texmf-dist/tex/plain/config/
etex.ini
(/home/ec2-user/pdflatex-lambda/tlsb-gui-installer/texmf-dist/tex/plain/etex/et
ex.src
(/home/ec2-user/pdflatex-lambda/tlsb-gui-installer/texmf-dist/tex/plain/base/pl
ain.tex Preloading the plain format: codes, registers, parameters, fonts,
more fonts, macros, math definitions, output routines, hyphenation
(/home/ec2-user/pdflatex-lambda/tlsb-gui-installer/texmf-dist/tex/generic/hyphe
n/hyphen.tex [skipping from \patterns to end-of-file...]))
(/home/ec2-user/pdflatex-lambda/tlsb-gui-installer/texmf-dist/tex/plain/etex/et
exdefs.lib Skipping module "grouptypes"; Loading module "interactionmodes";
Skipping module "nodetypes"; Skipping module "iftypes";)
(/home/ec2-user/pdflatex-lambda/tlsb-gui-installer/texmf-var/tex/generic/config
/language.def
(/home/ec2-user/pdflatex-lambda/tlsb-gui-installer/texmf-dist/tex/generic/hyphe
n/hyphen.tex)) Augmenting the Plain TeX definitions: \tracingall;
Adding new e-TeX definitions: \eTeX, \loggingall, \tracingnone,
register allocation; extended register allocation; 
Recycling: \addlanguage, \@nswer (not defined), \@sk, \b@dresponsetrue,
\b@dresponsefalse, \ch@ckforyn, \mayber@cycle, \et@xabort, \et@xbuf,
\et@xfmtsrc, \et@xfilehdr, \et@xinf, \et@xpatterns, \l@ngdefnfile, \n@xt,
\p@rse (not defined), \pr@mpt (not defined), \pr@mptloop (not defined),
\forcer@cycle, \usef@llback, \usef@llbacktrue, \usef@llbackfalse, 
Retaining: \et@xerr, \et@xinput, \et@xlibhdr, \et@xmsg, \et@xtoks, \et@xwarn,
\et@xl@@d, \et@xl@ad, \et@xload, \et@xlang, \et@xhash, \eTeX, \etexhdrchk,
\etexstatus, \module, \uselanguage, \r@tain, \r@cycle,) )
Beginning to dump on file etex.fmt
 (preloaded format=etex 2016.10.3)
2885 strings of total length 43391
7960 memory locations dumped; current usage is 203&7290
1261 multiletter control sequences
\font\nullfont=nullfont
\font\tenrm=cmr10
\font\preloaded=cmr9
\font\preloaded=cmr8
\font\sevenrm=cmr7
\font\preloaded=cmr6
\font\fiverm=cmr5
\font\teni=cmmi10
\font\preloaded=cmmi9
\font\preloaded=cmmi8
\font\seveni=cmmi7
\font\preloaded=cmmi6
\font\fivei=cmmi5
\font\tensy=cmsy10
\font\preloaded=cmsy9
\font\preloaded=cmsy8
\font\sevensy=cmsy7
\font\preloaded=cmsy6
\font\fivesy=cmsy5
\font\tenex=cmex10
\font\preloaded=cmss10
\font\preloaded=cmssq8
\font\preloaded=cmssi10
\font\preloaded=cmssqi8
\font\tenbf=cmbx10
\font\preloaded=cmbx9
\font\preloaded=cmbx8
\font\sevenbf=cmbx7
\font\preloaded=cmbx6
\font\fivebf=cmbx5
\font\tentt=cmtt10
\font\preloaded=cmtt9
\font\preloaded=cmtt8
\font\preloaded=cmsltt10
\font\tensl=cmsl10
\font\preloaded=cmsl9
\font\preloaded=cmsl8
\font\tenit=cmti10
\font\preloaded=cmti9
\font\preloaded=cmti8
\font\preloaded=cmti7
\font\preloaded=cmu10
\font\preloaded=cmmib10
\font\preloaded=cmbsy10
\font\preloaded=cmcsc10
\font\preloaded=cmssbx10
\font\preloaded=cmdunh10
\font\preloaded=cmr7 at 14.51799pt
\font\preloaded=cmtt10 at 14.4pt
\font\preloaded=cmssbx10 at 14.4pt
\font\preloaded=manfnt
14787 words of font info for 50 preloaded fonts
14 hyphenation exceptions
Hyphenation trie of length 6075 has 181 ops out of 35111
  181 for language 0
0 words of pdfTeX memory
0 indirect objects
No pages of output.
Transcript written on etex.log.
fmtutil [INFO]: /home/ec2-user/pdflatex-lambda/tlsb-gui-installer/texmf-var/web2c/pdftex/etex.fmt installed.
fmtutil [INFO]: --- remaking pdfetex with pdftex
fmtutil: running `pdftex -ini   -jobname=pdfetex -progname=pdfetex -translate-file=cp227.tcx *pdfetex.ini' ...
This is pdfTeX, Version 3.14159265-2.6-1.40.17 (TeX Live 2016) (INITEX)
 restricted \write18 enabled.
 (/home/ec2-user/pdflatex-lambda/tlsb-gui-installer/texmf-dist/web2c/cp227.tcx)
entering extended mode

(/home/ec2-user/pdflatex-lambda/tlsb-gui-installer/texmf-dist/tex/plain/config/
pdfetex.ini
(/home/ec2-user/pdflatex-lambda/tlsb-gui-installer/texmf-dist/tex/generic/tex-i
ni-files/pdftexconfig.tex)
(/home/ec2-user/pdflatex-lambda/tlsb-gui-installer/texmf-dist/tex/plain/etex/et
ex.src
(/home/ec2-user/pdflatex-lambda/tlsb-gui-installer/texmf-dist/tex/plain/base/pl
ain.tex Preloading the plain format: codes, registers, parameters, fonts,
more fonts, macros, math definitions, output routines, hyphenation
(/home/ec2-user/pdflatex-lambda/tlsb-gui-installer/texmf-dist/tex/generic/hyphe
n/hyphen.tex [skipping from \patterns to end-of-file...]))
(/home/ec2-user/pdflatex-lambda/tlsb-gui-installer/texmf-dist/tex/plain/etex/et
exdefs.lib Skipping module "grouptypes"; Loading module "interactionmodes";
Skipping module "nodetypes"; Skipping module "iftypes";)
(/home/ec2-user/pdflatex-lambda/tlsb-gui-installer/texmf-var/tex/generic/config
/language.def
(/home/ec2-user/pdflatex-lambda/tlsb-gui-installer/texmf-dist/tex/generic/hyphe
n/hyphen.tex)) Augmenting the Plain TeX definitions: \tracingall;
Adding new e-TeX definitions: \eTeX, \loggingall, \tracingnone,
register allocation; extended register allocation; 
Recycling: \addlanguage, \@nswer (not defined), \@sk, \b@dresponsetrue,
\b@dresponsefalse, \ch@ckforyn, \mayber@cycle, \et@xabort, \et@xbuf,
\et@xfmtsrc, \et@xfilehdr, \et@xinf, \et@xpatterns, \l@ngdefnfile, \n@xt,
\p@rse (not defined), \pr@mpt (not defined), \pr@mptloop (not defined),
\forcer@cycle, \usef@llback, \usef@llbacktrue, \usef@llbackfalse, 
Retaining: \et@xerr, \et@xinput, \et@xlibhdr, \et@xmsg, \et@xtoks, \et@xwarn,
\et@xl@@d, \et@xl@ad, \et@xload, \et@xlang, \et@xhash, \eTeX, \etexhdrchk,
\etexstatus, \module, \uselanguage, \r@tain, \r@cycle,)
(/home/ec2-user/pdflatex-lambda/tlsb-gui-installer/texmf-dist/tex/plain/config/
pdftexmagfix.tex) )
Beginning to dump on file pdfetex.fmt
 (preloaded format=pdfetex 2016.10.3)
2895 strings of total length 43947
7960 memory locations dumped; current usage is 203&7321
1263 multiletter control sequences
\font\nullfont=nullfont
\font\tenrm=cmr10
\font\preloaded=cmr9
\font\preloaded=cmr8
\font\sevenrm=cmr7
\font\preloaded=cmr6
\font\fiverm=cmr5
\font\teni=cmmi10
\font\preloaded=cmmi9
\font\preloaded=cmmi8
\font\seveni=cmmi7
\font\preloaded=cmmi6
\font\fivei=cmmi5
\font\tensy=cmsy10
\font\preloaded=cmsy9
\font\preloaded=cmsy8
\font\sevensy=cmsy7
\font\preloaded=cmsy6
\font\fivesy=cmsy5
\font\tenex=cmex10
\font\preloaded=cmss10
\font\preloaded=cmssq8
\font\preloaded=cmssi10
\font\preloaded=cmssqi8
\font\tenbf=cmbx10
\font\preloaded=cmbx9
\font\preloaded=cmbx8
\font\sevenbf=cmbx7
\font\preloaded=cmbx6
\font\fivebf=cmbx5
\font\tentt=cmtt10
\font\preloaded=cmtt9
\font\preloaded=cmtt8
\font\preloaded=cmsltt10
\font\tensl=cmsl10
\font\preloaded=cmsl9
\font\preloaded=cmsl8
\font\tenit=cmti10
\font\preloaded=cmti9
\font\preloaded=cmti8
\font\preloaded=cmti7
\font\preloaded=cmu10
\font\preloaded=cmmib10
\font\preloaded=cmbsy10
\font\preloaded=cmcsc10
\font\preloaded=cmssbx10
\font\preloaded=cmdunh10
\font\preloaded=cmr7 at 14.51799pt
\font\preloaded=cmtt10 at 14.4pt
\font\preloaded=cmssbx10 at 14.4pt
\font\preloaded=manfnt
14787 words of font info for 50 preloaded fonts
14 hyphenation exceptions
Hyphenation trie of length 6075 has 181 ops out of 35111
  181 for language 0
0 words of pdfTeX memory
0 indirect objects
No pages of output.
Transcript written on pdfetex.log.
fmtutil [INFO]: /home/ec2-user/pdflatex-lambda/tlsb-gui-installer/texmf-var/web2c/pdftex/pdfetex.fmt installed.
fmtutil [INFO]: Disabled formats: 1
fmtutil [INFO]: Successfully rebuilt formats: 13
fmtutil [INFO]: Total formats: 14
fmtutil [INFO]: exiting with status 0
running package-specific postactions
postaction install script for dvipdfmx: perl /home/ec2-user/pdflatex-lambda/tlsb-gui-installer/tlpkg/tlpostcode/dvipdfmx.pl
finished with package-specific postactions
